[debug] [2022-10-19T14:01:51.470Z] ----------------------------------------------------------------------
[debug] [2022-10-19T14:01:51.472Z] Command:       C:\Program Files\nodejs\node.exe C:\Users\User\AppData\Roaming\npm\node_modules\firebase-tools\lib\bin\firebase.js init
[debug] [2022-10-19T14:01:51.473Z] CLI Version:   11.15.0
[debug] [2022-10-19T14:01:51.473Z] Platform:      win32
[debug] [2022-10-19T14:01:51.473Z] Node Version:  v16.16.0
[debug] [2022-10-19T14:01:51.490Z] Time:          Wed Oct 19 2022 19:31:51 GMT+0530 (India Standard Time)
[debug] [2022-10-19T14:01:51.490Z] ----------------------------------------------------------------------
[debug] 
[debug] [2022-10-19T14:01:51.501Z] > command requires scopes: ["email","openid","https://www.googleapis.com/auth/cloudplatformprojects.readonly","https://www.googleapis.com/auth/firebase","https://www.googleapis.com/auth/cloud-platform"]
[debug] [2022-10-19T14:01:51.502Z] > authorizing via signed-in user (uhasith5@gmail.com)
[info] 
     ######## #### ########  ######## ########     ###     ######  ########
     ##        ##  ##     ## ##       ##     ##  ##   ##  ##       ##
     ######    ##  ########  ######   ########  #########  ######  ######
     ##        ##  ##    ##  ##       ##     ## ##     ##       ## ##
     ##       #### ##     ## ######## ########  ##     ##  ######  ########

You're about to initialize a Firebase project in this directory:

  C:\Users\User\Desktop\Projects\ReactJs\social-media-app

[info] 
=== Project Setup
[info] 
[info] First, let's associate this project directory with a Firebase project.
[info] You can create multiple project aliases by running firebase use --add, 
[info] but for now we'll just set up a default project.
[info] 
[debug] [2022-10-19T14:03:17.127Z] >>> [apiv2][query] GET https://firebase.googleapis.com/v1beta1/projects pageSize=100
[debug] [2022-10-19T14:03:18.091Z] <<< [apiv2][status] GET https://firebase.googleapis.com/v1beta1/projects 200
[debug] [2022-10-19T14:03:18.092Z] <<< [apiv2][body] GET https://firebase.googleapis.com/v1beta1/projects [omitted]
[info] i  Using project social-media-app-1e9a7 (social-media-app) 
[info] 
=== Hosting Setup
[info] 
[info] Your public directory is the folder (relative to your project directory) that
[info] will contain Hosting assets to be uploaded with firebase deploy. If you
[info] have a build process for your assets, use your build's output directory.
[info] 
[info] +  Wrote public/404.html 
[debug] [2022-10-19T14:05:01.301Z] >>> [apiv2][query] GET https://www.gstatic.com/firebasejs/releases.json [none]
[debug] [2022-10-19T14:05:01.743Z] <<< [apiv2][status] GET https://www.gstatic.com/firebasejs/releases.json 200
[debug] [2022-10-19T14:05:01.743Z] <<< [apiv2][body] GET https://www.gstatic.com/firebasejs/releases.json {"current":{"version":"9.12.1","browserURL":"https://www.gstatic.com/firebasejs/9.12.1/firebase.js","packageURL":"https://www.gstatic.com/firebasejs/9.12.1/firebase.tgz"},"live":{"version":"9.12","browserURL":"https://www.gstatic.com/firebasejs/live/9.12/firebase.js","packageURL":"https://www.gstatic.com/firebasejs/live/9.12/firebase.tgz"},"components":{"analytics":"https://www.gstatic.com/firebasejs/9.12.1/firebase-analytics.js","app":"https://www.gstatic.com/firebasejs/9.12.1/firebase-app.js","app-check":"https://www.gstatic.com/firebasejs/9.12.1/firebase-app-check.js","auth":"https://www.gstatic.com/firebasejs/9.12.1/firebase-auth.js","auth/cordova":"https://www.gstatic.com/firebasejs/9.12.1/firebase-auth/cordova.js","auth/react-native":"https://www.gstatic.com/firebasejs/9.12.1/firebase-auth/react-native.js","functions":"https://www.gstatic.com/firebasejs/9.12.1/firebase-functions.js","firestore":"https://www.gstatic.com/firebasejs/9.12.1/firebase-firestore.js","firestore/lite":"https://www.gstatic.com/firebasejs/9.12.1/firebase-firestore/lite.js","installations":"https://www.gstatic.com/firebasejs/9.12.1/firebase-installations.js","storage":"https://www.gstatic.com/firebasejs/9.12.1/firebase-storage.js","performance":"https://www.gstatic.com/firebasejs/9.12.1/firebase-performance.js","remote-config":"https://www.gstatic.com/firebasejs/9.12.1/firebase-remote-config.js","messaging":"https://www.gstatic.com/firebasejs/9.12.1/firebase-messaging.js","messaging/sw":"https://www.gstatic.com/firebasejs/9.12.1/firebase-messaging/sw.js","database":"https://www.gstatic.com/firebasejs/9.12.1/firebase-database.js","firestore.memory":"https://www.gstatic.com/firebasejs/9.12.1/firebase-firestore.memory.js"}}
[info] i  Skipping write of public/index.html 
[info] 
[info] i  Detected a .git folder at C:\Users\User\Desktop\Projects\ReactJs\social-media-app 
[info] i  Authorizing with GitHub to upload your service account to a GitHub repository's secrets store. 
[info] 
[info] Visit this URL on this device to log in:
[info] https://github.com/login/oauth/authorize?client_id=89cf50f02ac6aaed3484&state=116654380&redirect_uri=http%3A%2F%2Flocalhost%3A9005&scope=read%3Auser%20repo%20public_repo
[info] 
[info] Waiting for authentication...
[debug] [2022-10-19T14:05:50.891Z] >>> [apiv2][query] POST https://github.com/login/oauth/access_token [none]
[debug] [2022-10-19T14:05:50.891Z] >>> [apiv2][body] POST https://github.com/login/oauth/access_token [stream]
[debug] [2022-10-19T14:05:51.868Z] <<< [apiv2][status] POST https://github.com/login/oauth/access_token 200
[debug] [2022-10-19T14:05:51.868Z] <<< [apiv2][body] POST https://github.com/login/oauth/access_token {"access_token":"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","token_type":"bearer","scope":"read:user,repo"}
[debug] [2022-10-19T14:05:51.936Z] >>> [apiv2][query] GET https://api.github.com/user [none]
[debug] [2022-10-19T14:05:52.868Z] <<< [apiv2][status] GET https://api.github.com/user 200
[debug] [2022-10-19T14:05:52.868Z] <<< [apiv2][body] GET https://api.github.com/user {"login":"Uhasith","id":78094049,"node_id":"MDQ6VXNlcjc4MDk0MDQ5","avatar_url":"https://avatars.githubusercontent.com/u/78094049?v=4","gravatar_id":"","url":"https://api.github.com/users/Uhasith","html_url":"https://github.com/Uhasith","followers_url":"https://api.github.com/users/Uhasith/followers","following_url":"https://api.github.com/users/Uhasith/following{/other_user}","gists_url":"https://api.github.com/users/Uhasith/gists{/gist_id}","starred_url":"https://api.github.com/users/Uhasith/starred{/owner}{/repo}","subscriptions_url":"https://api.github.com/users/Uhasith/subscriptions","organizations_url":"https://api.github.com/users/Uhasith/orgs","repos_url":"https://api.github.com/users/Uhasith/repos","events_url":"https://api.github.com/users/Uhasith/events{/privacy}","received_events_url":"https://api.github.com/users/Uhasith/received_events","type":"User","site_admin":false,"name":"Hasith Udayanga","company":null,"blog":"https://www.linkedin.com/in/hasith-udayanga/","location":"Kirindiwela, Gampaha","email":null,"hireable":null,"bio":"Create Your Own Happiness ðŸ˜â¤ï¸","twitter_username":"Hasith__98","public_repos":3,"public_gists":0,"followers":2,"following":2,"created_at":"2021-01-27T15:09:57Z","updated_at":"2022-10-19T14:05:24Z","private_gists":0,"total_private_repos":0,"owned_private_repos":0,"disk_usage":2644,"collaborators":0,"two_factor_authentication":false,"plan":{"name":"free","space":976562499,"collaborators":0,"private_repos":10000}}
[info] 
[info] +  Success! Logged into GitHub as Uhasith 
[info] 
